<?xml version="1.0" encoding="UTF-8"?>
<testng-results ignored="0" total="2" passed="1" failed="1" skipped="0">
  <reporter-output>
  </reporter-output>
  <suite started-at="2024-02-13T23:06:14 IST" name="Default suite" finished-at="2024-02-13T23:06:37 IST" duration-ms="23080">
    <groups>
    </groups>
    <test started-at="2024-02-13T23:06:14 IST" name="Default test" finished-at="2024-02-13T23:06:37 IST" duration-ms="23080">
      <class name="tests.SortingTests">
        <test-method is-config="true" signature="setUp(org.testng.ITestContext)[pri:0, instance:tests.SortingTests@434a63ab]" started-at="2024-02-13T23:06:15 IST" name="setUp" finished-at="2024-02-13T23:06:21 IST" duration-ms="5553" status="PASS">
          <params>
            <param index="0">
              <value>
                <![CDATA[org.testng.TestRunner@7b66322e]]>
              </value>
            </param>
          </params>
          <reporter-output>
          </reporter-output>
        </test-method> <!-- setUp -->
        <test-method signature="sortingLowToHighPrice(java.lang.String,org.testng.ITestContext)[pri:0, instance:tests.SortingTests@434a63ab]" started-at="2024-02-13T23:06:21 IST" name="sortingLowToHighPrice" data-provider="searchkey" finished-at="2024-02-13T23:06:26 IST" duration-ms="5722" status="FAIL">
          <params>
            <param index="0">
              <value>
                <![CDATA[Laptop]]>
              </value>
            </param>
            <param index="1">
              <value>
                <![CDATA[org.testng.TestRunner@7b66322e]]>
              </value>
            </param>
          </params>
          <exception class="java.lang.AssertionError">
            <message>
              <![CDATA[expected [true] but found [false]]]>
            </message>
            <full-stacktrace>
              <![CDATA[java.lang.AssertionError: expected [true] but found [false]
at org.testng.Assert.fail(Assert.java:99)
at org.testng.Assert.failNotEquals(Assert.java:1037)
at org.testng.Assert.assertTrue(Assert.java:45)
at org.testng.Assert.assertTrue(Assert.java:55)
at tests.SortingTests.sortingLowToHighPrice(SortingTests.java:29)
at java.base/jdk.internal.reflect.NativeMethodAccessorImpl.invoke0(Native Method)
at java.base/jdk.internal.reflect.NativeMethodAccessorImpl.invoke(NativeMethodAccessorImpl.java:77)
at java.base/jdk.internal.reflect.DelegatingMethodAccessorImpl.invoke(DelegatingMethodAccessorImpl.java:43)
at java.base/java.lang.reflect.Method.invoke(Method.java:568)
at org.testng.internal.MethodInvocationHelper.invokeMethod(MethodInvocationHelper.java:133)
at org.testng.internal.TestInvoker.invokeMethod(TestInvoker.java:598)
at org.testng.internal.TestInvoker.invokeTestMethod(TestInvoker.java:173)
at org.testng.internal.MethodRunner.runInSequence(MethodRunner.java:46)
at org.testng.internal.TestInvoker$MethodInvocationAgent.invoke(TestInvoker.java:824)
at org.testng.internal.TestInvoker.invokeTestMethods(TestInvoker.java:146)
at org.testng.internal.TestMethodWorker.invokeTestMethods(TestMethodWorker.java:146)
at org.testng.internal.TestMethodWorker.run(TestMethodWorker.java:128)
at java.base/java.util.ArrayList.forEach(ArrayList.java:1511)
at org.testng.TestRunner.privateRun(TestRunner.java:794)
at org.testng.TestRunner.run(TestRunner.java:596)
at org.testng.SuiteRunner.runTest(SuiteRunner.java:377)
at org.testng.SuiteRunner.runSequentially(SuiteRunner.java:371)
at org.testng.SuiteRunner.privateRun(SuiteRunner.java:332)
at org.testng.SuiteRunner.run(SuiteRunner.java:276)
at org.testng.SuiteRunnerWorker.runSuite(SuiteRunnerWorker.java:53)
at org.testng.SuiteRunnerWorker.run(SuiteRunnerWorker.java:96)
at org.testng.TestNG.runSuitesSequentially(TestNG.java:1212)
at org.testng.TestNG.runSuitesLocally(TestNG.java:1134)
at org.testng.TestNG.runSuites(TestNG.java:1063)
at org.testng.TestNG.run(TestNG.java:1031)
at org.testng.remote.AbstractRemoteTestNG.run(AbstractRemoteTestNG.java:115)
at org.testng.remote.RemoteTestNG.initAndRun(RemoteTestNG.java:251)
at org.testng.remote.RemoteTestNG.main(RemoteTestNG.java:77)
]]>
            </full-stacktrace>
          </exception> <!-- java.lang.AssertionError -->
          <reporter-output>
          </reporter-output>
        </test-method> <!-- sortingLowToHighPrice -->
        <test-method is-config="true" signature="teardown()[pri:0, instance:tests.SortingTests@434a63ab]" started-at="2024-02-13T23:06:26 IST" name="teardown" finished-at="2024-02-13T23:06:27 IST" duration-ms="285" status="PASS">
          <reporter-output>
          </reporter-output>
        </test-method> <!-- teardown -->
        <test-method is-config="true" signature="setUp(org.testng.ITestContext)[pri:0, instance:tests.SortingTests@434a63ab]" started-at="2024-02-13T23:06:27 IST" name="setUp" finished-at="2024-02-13T23:06:32 IST" duration-ms="5266" status="PASS">
          <params>
            <param index="0">
              <value>
                <![CDATA[org.testng.TestRunner@7b66322e]]>
              </value>
            </param>
          </params>
          <reporter-output>
          </reporter-output>
        </test-method> <!-- setUp -->
        <test-method signature="sortingLowToHighPrice(java.lang.String,org.testng.ITestContext)[pri:0, instance:tests.SortingTests@434a63ab]" started-at="2024-02-13T23:06:32 IST" name="sortingLowToHighPrice" data-provider="searchkey" finished-at="2024-02-13T23:06:37 IST" duration-ms="5360" status="PASS">
          <params>
            <param index="0">
              <value>
                <![CDATA[Phone]]>
              </value>
            </param>
            <param index="1">
              <value>
                <![CDATA[org.testng.TestRunner@7b66322e]]>
              </value>
            </param>
          </params>
          <reporter-output>
          </reporter-output>
        </test-method> <!-- sortingLowToHighPrice -->
        <test-method is-config="true" signature="teardown()[pri:0, instance:tests.SortingTests@434a63ab]" started-at="2024-02-13T23:06:37 IST" name="teardown" finished-at="2024-02-13T23:06:37 IST" duration-ms="191" status="PASS">
          <reporter-output>
          </reporter-output>
        </test-method> <!-- teardown -->
      </class> <!-- tests.SortingTests -->
    </test> <!-- Default test -->
  </suite> <!-- Default suite -->
</testng-results>
